+-----------------------------------------------------------------------------
+ Started burn-in of /dev/da2 : Sat Oct 19 20:12:16 EDT 2019
+-----------------------------------------------------------------------------
Hostname: fnas.local
Drive Type: SAS
Drive Brand: HITACHI
Drive Model: HUS156060VLS600
Serial Number: JWXV7BBJ
Drive Capacity: 600 GB

Test Details:
Extended Test Length: 83 minutes | Sleep: 4980 seconds
Conveyance Test Length: NA for SAS
     Short Test Length: NA for SAS
---
Smart Test Maximum Polling Time: 4 Hours
Smart Test Recheck Polling Time: 60 Seconds

Log File: ./Dtest-HUS156060VLS600_JWXV7BBJ_10192019-2012.log
Bad Blocks File: ./Dtest-HUS156060VLS600_JWXV7BBJ_10192019-2012.bb


+-----------------------------------------------------------------------------
+ Initial Drive Status
+-----------------------------------------------------------------------------
SMART Health Status: OK  
Current Drive Temperature: 31 C 
Elements in grown defect list: 0
Accumulated power on time, hours:minutes 9842:45

OPTIONAL MANUFACTURER DEPENDENT DETAILS: (Manufacture Date & Start/Stop Count)
Manufactured in week 40 of year 2010
Accumulated start-stop cycles:  430

ERROR LOG:

Error counter log:
           Errors Corrected by           Total   Correction     Gigabytes    Total
               ECC          rereads/    errors   algorithm      processed    uncorrected
           fast | delayed   rewrites  corrected  invocations   [10^9 bytes]  errors
read:          0   865164         0    865164    2855295      11983.504           0
write:         0  2506409         0   2506409    2125833      10538.702           0
verify:        0   237220         0    237220      47938     250111.024           0

Non-medium error count:        1


SMART Self-test log
Num  Test              Status                 segment  LifeTime  LBA_first_err [SK ASC ASQ]
     Description                              number   (hours)
# 1  Background long   Completed                  16    9840                 - [-   -    -]
# 2  Background long   Completed                  16    9171                 - [-   -    -]
# 3  Background long   Completed                  16    9160                 - [-   -    -]
# 4  Background long   Completed                  16       0                 - [-   -    -]
# 5  Background short  Completed                  16       0                 - [-   -    -]

Long (extended) Self Test duration: 4981 seconds [83.0 minutes]



+-----------------------------------------------------------------------------
+ RUN SMART Extended test on drive /dev/da2: Sat Oct 19 20:12:16 EDT 2019
+-----------------------------------------------------------------------------
Extended test started, sleeping 4980 seconds until it finishes
SAS SMART self-test complete
# 1  Background long   Completed                  16    9844                 - [-   -    -]
Finished SMART Extended test on drive /dev/da2: Sat Oct 19 21:35:16 EDT 2019

+-----------------------------------------------------------------------------
+ RUN badblocks test on drive /dev/da2: Sat Oct 19 21:35:16 EDT 2019
+-----------------------------------------------------------------------------
Checking for bad blocks in read-write mode
From block 0 to 586061783
Testing with pattern 0xaa: set_o_direct: Inappropriate ioctl for device
done                                                 
Reading and comparing: done                                                 
Testing with pattern 0x55: done                                                 
Reading and comparing: done                                                 
Testing with pattern 0xff: done                                                 
Reading and comparing: done                                                 
Testing with pattern 0x00: done                                                 
Reading and comparing: done                                                 
Pass completed, 0 bad blocks found. (0/0/0 errors)
Finished badblocks test on drive /dev/da2: Mon Oct 21 02:14:59 EDT 2019

+-----------------------------------------------------------------------------
+ RUN SMART Extended test on drive /dev/da2: Mon Oct 21 02:14:59 EDT 2019
+-----------------------------------------------------------------------------
Extended test started, sleeping 4980 seconds until it finishes
SAS SMART self-test complete
# 1  Background long   Completed                  16    9874                 - [-   -    -]
Finished SMART Extended test on drive /dev/da2: Mon Oct 21 03:37:59 EDT 2019



+-----------------------------------------------------------------------------
+ COMPLETE SMART Information for drive /dev/da2: Mon Oct 21 03:37:59 EDT 2019
+-----------------------------------------------------------------------------

=== START OF INFORMATION SECTION ===
Vendor:               HITACHI
Product:              HUS156060VLS600
Revision:             E516
Compliance:           SPC-4
User Capacity:        600,127,266,816 bytes [600 GB]
Logical block size:   512 bytes
Rotation Rate:        15030 rpm
Form Factor:          3.5 inches
Logical Unit id:      0x5000cca00fa0713c
Serial number:        JWXV7BBJ
Device type:          disk
Transport protocol:   SAS (SPL-3)
Local Time is:        Mon Oct 21 03:37:59 2019 EDT
SMART support is:     Available - device has SMART capability.
SMART support is:     Enabled
Temperature Warning:  Disabled or Not Supported
Read Cache is:        Enabled
Writeback Cache is:   Disabled

SMART Health Status: OK

Current Drive Temperature:     32 C
Drive Trip Temperature:        85 C

Manufactured in week 40 of year 2010
Specified cycle count over device lifetime:  50000
Accumulated start-stop cycles:  430
Elements in grown defect list: 0

Vendor (Seagate) cache information
  Blocks sent to initiator = 4168407192698880

Error counter log:
           Errors Corrected by           Total   Correction     Gigabytes    Total
               ECC          rereads/    errors   algorithm      processed    uncorrected
           fast | delayed   rewrites  corrected  invocations   [10^9 bytes]  errors
read:          0   865479         0    865479    2855326      14384.013           0
write:         0  2518803         0   2518803    2131802      12939.211           0
verify:        0   237220         0    237220      47949     250111.024           0

Non-medium error count:        1

SMART Self-test log
Num  Test              Status                 segment  LifeTime  LBA_first_err [SK ASC ASQ]
     Description                              number   (hours)
# 1  Background long   Completed                  16    9874                 - [-   -    -]
# 2  Background long   Completed                  16    9844                 - [-   -    -]
# 3  Background long   Completed                  16    9840                 - [-   -    -]
# 4  Background long   Completed                  16    9171                 - [-   -    -]
# 5  Background long   Completed                  16    9160                 - [-   -    -]
# 6  Background long   Completed                  16       0                 - [-   -    -]
# 7  Background short  Completed                  16       0                 - [-   -    -]

Long (extended) Self Test duration: 4981 seconds [83.0 minutes]

Background scan results log
  Status: waiting until BMS interval timer expires
    Accumulated power on time, hours:minutes 9874:11 [592451 minutes]
    Number of background scans performed: 204,  scan progress: 0.00%
    Number of background medium scans performed: 204

Protocol Specific port log page for SAS SSP
relative target port id = 1
  generation code = 1
  number of phys = 1
  phy identifier = 0
    attached device type: expander device
    attached reason: loss of dword synchronization
    reason: unknown
    negotiated logical link rate: phy enabled; 6 Gbps
    attached initiator port: ssp=0 stp=0 smp=0
    attached target port: ssp=0 stp=0 smp=1
    SAS address = 0x5000cca00fa0713d
    attached SAS address = 0x500c04f2f644c93f
    attached phy identifier = 24
    Invalid DWORD count = 70
    Running disparity error count = 64
    Loss of DWORD synchronization = 60
    Phy reset problem = 0
    Phy event descriptors:
     Invalid word count: 70
     Running disparity error count: 64
     Loss of dword synchronization count: 60
     Phy reset problem count: 0
relative target port id = 2
  generation code = 1
  number of phys = 1
  phy identifier = 1
    attached device type: no device attached
    attached reason: unknown
    reason: power on
    negotiated logical link rate: phy enabled; unknown
    attached initiator port: ssp=0 stp=0 smp=0
    attached target port: ssp=0 stp=0 smp=0
    SAS address = 0x5000cca00fa0713e
    attached SAS address = 0x0
    attached phy identifier = 0
    Invalid DWORD count = 0
    Running disparity error count = 0
    Loss of DWORD synchronization = 0
    Phy reset problem = 0
    Phy event descriptors:
     Invalid word count: 0
     Running disparity error count: 0
     Loss of dword synchronization count: 0
     Phy reset problem count: 0

+-----------------------------------------------------------------------------
+ Finished burn-in of /dev/da2 : Mon Oct 21 03:37:59 EDT 2019
+-----------------------------------------------------------------------------
